{
  "stats": {
    "suites": 1,
    "tests": 1,
    "passes": 0,
    "pending": 0,
    "failures": 1,
    "start": "2025-10-11T22:48:01.387Z",
    "end": "2025-10-11T22:48:04.512Z",
    "duration": 3125,
    "testsRegistered": 1,
    "passPercent": 0,
    "pendingPercent": 0,
    "other": 0,
    "hasOther": false,
    "skipped": 0,
    "hasSkipped": false
  },
  "results": [
    {
      "uuid": "77956e82-2e64-4bc3-b35c-f5756db9fe47",
      "title": "",
      "fullFile": "test\\ui-components.cy.js",
      "file": "test\\ui-components.cy.js",
      "beforeHooks": [],
      "afterHooks": [],
      "tests": [],
      "suites": [
        {
          "uuid": "0e040522-6fa7-4926-8211-fd4a084ec824",
          "title": "Test Suite",
          "fullFile": "",
          "file": "",
          "beforeHooks": [],
          "afterHooks": [],
          "tests": [
            {
              "title": "input fields",
              "fullTitle": "Test Suite input fields",
              "timedOut": null,
              "duration": 3049,
              "state": "failed",
              "speed": null,
              "pass": false,
              "fail": true,
              "pending": false,
              "context": "{\n  \"title\": \"cypress-mochawesome-reporter-screenshots\",\n  \"value\": [\n    [\n      \"\\\\ui-components.cy.js\\\\Test Suite -- input fields (failed).png\"\n    ]\n  ]\n}",
              "code": "cy.contains('Forms').click();\ncy.contains('Form Layouts').click();\nconst name = 'Artem';\ncy.get('#inputEmail1').type('hello@test.com', {\n  delay: 200\n}).clear().type('hello').clear();\ncy.contains('nb-card', 'Using the Grid').contains('Email').type(`${name}@test.com`);\ncy.get('#inputEmail1').should('not.have.value', '').clear().type('test@bondaracademy.com').press(Cypress.Keyboard.Keys.TAB);\n// cy.contains('Auth').click()\n// cy.contains('Login').click()\n// cy.get('#input-email').type('test@bondaracademy.com')\n// cy.get('#input-password').type('Welcome{enter}')",
              "err": {
                "message": "TypeError: Cannot read properties of undefined (reading 'TAB')",
                "estack": "TypeError: Cannot read properties of undefined (reading 'TAB')\n    at Context.eval (webpack://seu-projeto-cypress/./test/ui-components.cy.js:16:37)",
                "diff": null
              },
              "uuid": "7f540a61-d698-419d-aa10-2f644b766c2f",
              "parentUUID": "0e040522-6fa7-4926-8211-fd4a084ec824",
              "isHook": false,
              "skipped": false
            }
          ],
          "suites": [],
          "passes": [],
          "failures": [
            "7f540a61-d698-419d-aa10-2f644b766c2f"
          ],
          "pending": [],
          "skipped": [],
          "duration": 3049,
          "root": false,
          "rootEmpty": false,
          "_timeout": 2000
        }
      ],
      "passes": [],
      "failures": [],
      "pending": [],
      "skipped": [],
      "duration": 0,
      "root": true,
      "rootEmpty": true,
      "_timeout": 2000
    }
  ],
  "meta": {
    "mocha": {
      "version": "7.0.1"
    },
    "mochawesome": {
      "options": {
        "quiet": false,
        "reportFilename": "mochawesome",
        "saveHtml": true,
        "saveJson": true,
        "consoleReporter": "spec",
        "useInlineDiffs": false,
        "code": true
      },
      "version": "7.1.4"
    },
    "marge": {
      "options": {
        "charts": true,
        "reportPageTitle": "Relatório de Testes Cypress",
        "embeddedScreenshots": true,
        "inlineAssets": true,
        "saveAllAttempts": false,
        "reportDir": "cypress/reports",
        "json": true,
        "overwrite": false,
        "html": true
      },
      "version": "6.3.0"
    }
  }
}