{
  "stats": {
    "suites": 1,
    "tests": 1,
    "passes": 0,
    "pending": 0,
    "failures": 1,
    "start": "2025-10-11T22:47:51.821Z",
    "end": "2025-10-11T22:47:59.332Z",
    "duration": 7511,
    "testsRegistered": 1,
    "passPercent": 0,
    "pendingPercent": 0,
    "other": 0,
    "hasOther": false,
    "skipped": 0,
    "hasSkipped": false
  },
  "results": [
    {
      "uuid": "df741c1e-a211-4d57-9df4-1ef4050158a9",
      "title": "",
      "fullFile": "test\\firstTest.cy.js",
      "file": "test\\firstTest.cy.js",
      "beforeHooks": [],
      "afterHooks": [],
      "tests": [],
      "suites": [
        {
          "uuid": "cbfa3790-1410-4b61-8b5f-3e0e83f5be9d",
          "title": "First Test Suite",
          "fullFile": "",
          "file": "",
          "beforeHooks": [],
          "afterHooks": [],
          "tests": [
            {
              "title": "Pega data do calendario",
              "fullTitle": "First Test Suite Pega data do calendario",
              "timedOut": null,
              "duration": 7419,
              "state": "failed",
              "speed": null,
              "pass": false,
              "fail": true,
              "pending": false,
              "context": "{\n  \"title\": \"cypress-mochawesome-reporter-screenshots\",\n  \"value\": [\n    [\n      \"\\\\firstTest.cy.js\\\\First Test Suite -- Pega data do calendario (failed).png\"\n    ]\n  ]\n}",
              "code": "let date = new Date();\ndate.setDate(date.getDate());\nlet futureDay = date.getDate();\ncy.selectDayFromCurrentDay(futureDay);",
              "err": {
                "message": "AssertionError: Timed out retrying after 4000ms: Expected to find element: `#timeSlots`, but never found it.",
                "estack": "AssertionError: Timed out retrying after 4000ms: Expected to find element: `#timeSlots`, but never found it.\n    at Context.eval (webpack://seu-projeto-cypress/./cypress/support/commands.js:4:7)",
                "diff": null
              },
              "uuid": "4f39bdd8-e4ef-4e33-a7ed-9774bcd1fd17",
              "parentUUID": "cbfa3790-1410-4b61-8b5f-3e0e83f5be9d",
              "isHook": false,
              "skipped": false
            }
          ],
          "suites": [],
          "passes": [],
          "failures": [
            "4f39bdd8-e4ef-4e33-a7ed-9774bcd1fd17"
          ],
          "pending": [],
          "skipped": [],
          "duration": 7419,
          "root": false,
          "rootEmpty": false,
          "_timeout": 2000
        }
      ],
      "passes": [],
      "failures": [],
      "pending": [],
      "skipped": [],
      "duration": 0,
      "root": true,
      "rootEmpty": true,
      "_timeout": 2000
    }
  ],
  "meta": {
    "mocha": {
      "version": "7.0.1"
    },
    "mochawesome": {
      "options": {
        "quiet": false,
        "reportFilename": "mochawesome",
        "saveHtml": true,
        "saveJson": true,
        "consoleReporter": "spec",
        "useInlineDiffs": false,
        "code": true
      },
      "version": "7.1.4"
    },
    "marge": {
      "options": {
        "charts": true,
        "reportPageTitle": "Relatório de Testes Cypress",
        "embeddedScreenshots": true,
        "inlineAssets": true,
        "saveAllAttempts": false,
        "reportDir": "cypress/reports",
        "json": true,
        "overwrite": false,
        "html": true
      },
      "version": "6.3.0"
    }
  }
}