{
  "stats": {
    "suites": 0,
    "tests": 1,
    "passes": 1,
    "pending": 0,
    "failures": 0,
    "start": "2025-09-07T19:17:08.548Z",
    "end": "2025-09-07T19:17:15.444Z",
    "duration": 6896,
    "testsRegistered": 1,
    "passPercent": 100,
    "pendingPercent": 0,
    "other": 0,
    "hasOther": false,
    "skipped": 0,
    "hasSkipped": false
  },
  "results": [
    {
      "uuid": "f68bdf8e-c7b4-4587-810c-f697a89da9f0",
      "title": "",
      "fullFile": "test\\ui-components.cy.js",
      "file": "test\\ui-components.cy.js",
      "beforeHooks": [],
      "afterHooks": [],
      "tests": [
        {
          "title": "input fields",
          "fullTitle": "input fields",
          "timedOut": null,
          "duration": 6877,
          "state": "passed",
          "speed": "medium",
          "pass": true,
          "fail": false,
          "pending": false,
          "context": null,
          "code": "cy.contains('Forms').click();\ncy.contains('Form Layouts').click();\nconst name = 'Artem';\ncy.get('#inputEmail1').type('hello@test.com', {\n  delay: 200\n}).clear().type('hello').clear();\ncy.contains('nb-card', 'Using the Grid').contains('Email').type(`${name}@test.com`);\ncy.get('#inputEmail1').should('not.have.value', '').clear().type('test@bondaracademy.com').press(Cypress.Keyboard.Keys.TAB);\n// cy.contains('Auth').click()\n// cy.contains('Login').click()\n// cy.get('#input-email').type('test@bondaracademy.com')\n// cy.get('#input-password').type('Welcome{enter}')",
          "err": {},
          "uuid": "548c77d7-e825-451b-834f-85316047598a",
          "parentUUID": "f68bdf8e-c7b4-4587-810c-f697a89da9f0",
          "isHook": false,
          "skipped": false
        }
      ],
      "suites": [],
      "passes": [
        "548c77d7-e825-451b-834f-85316047598a"
      ],
      "failures": [],
      "pending": [],
      "skipped": [],
      "duration": 6877,
      "root": true,
      "rootEmpty": false,
      "_timeout": 2000
    }
  ],
  "meta": {
    "mocha": {
      "version": "7.2.0"
    },
    "mochawesome": {
      "options": {
        "quiet": false,
        "reportFilename": "mochawesome",
        "saveHtml": true,
        "saveJson": true,
        "consoleReporter": "spec",
        "useInlineDiffs": false,
        "code": true
      },
      "version": "7.1.3"
    },
    "marge": {
      "options": {
        "reportDir": "mochawesome-report",
        "overwrite": false,
        "html": true,
        "json": true
      },
      "version": "6.2.0"
    }
  }
}