{
  "stats": {
    "suites": 0,
    "tests": 9,
    "passes": 9,
    "pending": 0,
    "failures": 0,
    "start": "2025-09-07T19:08:58.334Z",
    "end": "2025-09-07T19:09:19.078Z",
    "duration": 20744,
    "testsRegistered": 9,
    "passPercent": 100,
    "pendingPercent": 0,
    "other": 0,
    "hasOther": false,
    "skipped": 0,
    "hasSkipped": false
  },
  "results": [
    {
      "uuid": "3472a3d9-6844-48c9-bb17-b5e39aea028d",
      "title": "",
      "fullFile": "test\\firstTest.cy.js",
      "file": "test\\firstTest.cy.js",
      "beforeHooks": [],
      "afterHooks": [],
      "tests": [
        {
          "title": "Hello world 1",
          "fullTitle": "Hello world 1",
          "timedOut": null,
          "duration": 3518,
          "state": "passed",
          "speed": "fast",
          "pass": true,
          "fail": false,
          "pending": false,
          "context": null,
          "code": "//by Tag\ncy.get('input');\n//by ID value\ncy.get('#inputEmail1');\n// by Class value\ncy.get('.input-full-width');\n// by attribute\ncy.get('[fullwidth]');\n// by attribute with value\ncy.get('[placeholder=\"Email\"]');\n// by entire class value\ncy.get('[class=\"input-full-width size-medium status-basic shape-rectangle nb-transition\"]');\n//how to combine several attributes\ncy.get('[placeholder=\"Email\"][fullwidth]');\ncy.get('input[placeholder=\"Email\"]');\n//find by data-cy attribute\ncy.get('[data-cy=\"inputEmail1\"]');",
          "err": {},
          "uuid": "cf729b91-5c14-43ad-9e0e-a6500388b0f5",
          "parentUUID": "3472a3d9-6844-48c9-bb17-b5e39aea028d",
          "isHook": false,
          "skipped": false
        },
        {
          "title": "Cypress Locator Methods",
          "fullTitle": "Cypress Locator Methods",
          "timedOut": null,
          "duration": 854,
          "state": "passed",
          "speed": "fast",
          "pass": true,
          "fail": false,
          "pending": false,
          "context": null,
          "code": "//Theory\n//get() - to find elments on the page globally\n//find() - to find only child elements\n//contains() - to find web elements by text\ncy.contains('Sign in');\ncy.contains('[status=\"warning\"]', 'Sign in');\ncy.contains('nb-card', 'Horizontal form').find('button');\ncy.contains('nb-card', 'Horizontal form').contains('Sign in');\ncy.contains('nb-card', 'Horizontal form').get('button');",
          "err": {},
          "uuid": "0de4896a-7f43-4d63-b37c-3c051002e43c",
          "parentUUID": "3472a3d9-6844-48c9-bb17-b5e39aea028d",
          "isHook": false,
          "skipped": false
        },
        {
          "title": "Child Elements",
          "fullTitle": "Child Elements",
          "timedOut": null,
          "duration": 834,
          "state": "passed",
          "speed": "fast",
          "pass": true,
          "fail": false,
          "pending": false,
          "context": null,
          "code": "cy.contains('nb-card', 'Using the Grid').find('.row').find('button');\ncy.get('nb-card').find('nb-radio-group').contains('Option 1');\ncy.get('nb-card nb-radio-group').contains('Option 1');\ncy.get('nb-card > nb-card-body [placeholder=\"Jane Doe\"]');",
          "err": {},
          "uuid": "8ab51bd7-bf03-4e1d-bf7f-c4f84a8cb398",
          "parentUUID": "3472a3d9-6844-48c9-bb17-b5e39aea028d",
          "isHook": false,
          "skipped": false
        },
        {
          "title": "Parent Elements",
          "fullTitle": "Parent Elements",
          "timedOut": null,
          "duration": 730,
          "state": "passed",
          "speed": "fast",
          "pass": true,
          "fail": false,
          "pending": false,
          "context": null,
          "code": "cy.get('#inputEmail1').parents('form').find('button');\ncy.contains('Using the Grid').parent().find('button');\ncy.get('#inputEmail1').parentsUntil('nb-card-body').find('button');",
          "err": {},
          "uuid": "dc0ce245-cc21-47be-9d46-e4a22223b3a6",
          "parentUUID": "3472a3d9-6844-48c9-bb17-b5e39aea028d",
          "isHook": false,
          "skipped": false
        },
        {
          "title": "Cypress Chains",
          "fullTitle": "Cypress Chains",
          "timedOut": null,
          "duration": 823,
          "state": "passed",
          "speed": "fast",
          "pass": true,
          "fail": false,
          "pending": false,
          "context": null,
          "code": "cy.get('#inputEmail1').parents('form').find('button').click();\ncy.get('#inputEmail1').parents('form').find('nb-radio').first().should('have.text', 'Option 1');",
          "err": {},
          "uuid": "97b2f7a4-3a97-4879-9828-d2d7d26a2f37",
          "parentUUID": "3472a3d9-6844-48c9-bb17-b5e39aea028d",
          "isHook": false,
          "skipped": false
        },
        {
          "title": "Reusing Locators",
          "fullTitle": "Reusing Locators",
          "timedOut": null,
          "duration": 794,
          "state": "passed",
          "speed": "fast",
          "pass": true,
          "fail": false,
          "pending": false,
          "context": null,
          "code": "//THIS WILL NOT WORK!!! DON\"T DO LIKE THIS!!!\n//const inputEmail1 = cy.get('#inputEmail1')\n//inputEmail1.parents('form').find('button')\n//inputEmail1.parents('form').find('nb-radio')\n// 1. Cypress Alias\ncy.get('#inputEmail1').as('inputEmail1');\ncy.get('@inputEmail1').parents('form').find('button');\ncy.get('@inputEmail1').parents('form').find('nb-radio');\n// 2. Cypress then() method\ncy.get('#inputEmail1').then(inputEmail => {\n  cy.wrap(inputEmail).parents('form').find('button');\n  cy.wrap(inputEmail).parents('form').find('nb-radio');\n  cy.wrap('Hello').should('equal', 'Hello');\n  cy.wrap(inputEmail).as('inputEmail2');\n});\ncy.get('@inputEmail2').click();",
          "err": {},
          "uuid": "5eb734d0-80cf-4a66-802a-62d1434d31de",
          "parentUUID": "3472a3d9-6844-48c9-bb17-b5e39aea028d",
          "isHook": false,
          "skipped": false
        },
        {
          "title": "Extracting Values",
          "fullTitle": "Extracting Values",
          "timedOut": null,
          "duration": 1059,
          "state": "passed",
          "speed": "fast",
          "pass": true,
          "fail": false,
          "pending": false,
          "context": null,
          "code": "// 1. using a JQuery method\ncy.get('[for=\"exampleInputEmail1\"]').then(label => {\n  const emailLabel = label.text();\n  console.log(emailLabel);\n});\n// 2. Using invoke command\ncy.get('[for=\"exampleInputEmail1\"]').invoke('text').then(emailLabel => {\n  console.log(emailLabel);\n});\ncy.get('[for=\"exampleInputEmail1\"]').invoke('text').as('emailLabel');\ncy.get('[for=\"exampleInputEmail1\"]').should('contain', 'Email address');\n// 3. Invoke attribute value\ncy.get('#exampleInputEmail1').invoke('attr', 'class').then(classValue => {\n  console.log(classValue);\n});\ncy.get('#exampleInputEmail1').should('have.attr', 'class', 'input-full-width size-medium status-basic shape-rectangle nb-transition');\n// 4. Invoke input field value\ncy.get('#exampleInputEmail1').type('hello@test.com');\ncy.get('#exampleInputEmail1').invoke('prop', 'value').then(value => {\n  console.log(value);\n});",
          "err": {},
          "uuid": "0ba61bc3-0add-439c-b101-56e2af1dce50",
          "parentUUID": "3472a3d9-6844-48c9-bb17-b5e39aea028d",
          "isHook": false,
          "skipped": false
        },
        {
          "title": "Assertions",
          "fullTitle": "Assertions",
          "timedOut": null,
          "duration": 721,
          "state": "passed",
          "speed": "fast",
          "pass": true,
          "fail": false,
          "pending": false,
          "context": null,
          "code": "cy.get('[for=\"exampleInputEmail1\"]').should('have.text', 'Email address');\ncy.get('[for=\"exampleInputEmail1\"]').then(label => {\n  expect(label).to.have.text('Email address');\n});\ncy.get('[for=\"exampleInputEmail1\"]').invoke('text').then(emailLabel => {\n  expect(emailLabel).to.equal('Email address');\n  cy.wrap(emailLabel).should('equal', 'Email address');\n});",
          "err": {},
          "uuid": "1575a930-0843-41fd-8c88-13869c9cf5d7",
          "parentUUID": "3472a3d9-6844-48c9-bb17-b5e39aea028d",
          "isHook": false,
          "skipped": false
        },
        {
          "title": "Timeouts",
          "fullTitle": "Timeouts",
          "timedOut": null,
          "duration": 11184,
          "state": "passed",
          "speed": "slow",
          "pass": true,
          "fail": false,
          "pending": false,
          "context": null,
          "code": "cy.contains('Modal & Overlays').click();\ncy.contains('Dialog').click();\ncy.contains('Open with delay 10 seconds').click();\ncy.get('nb-dialog-container nb-card-header', {\n  timeout: 11000\n}).should('have.text', 'Friendly reminder');",
          "err": {},
          "uuid": "eed736b4-94c9-4b00-a47a-43d2c55ad9f3",
          "parentUUID": "3472a3d9-6844-48c9-bb17-b5e39aea028d",
          "isHook": false,
          "skipped": false
        }
      ],
      "suites": [],
      "passes": [
        "cf729b91-5c14-43ad-9e0e-a6500388b0f5",
        "0de4896a-7f43-4d63-b37c-3c051002e43c",
        "8ab51bd7-bf03-4e1d-bf7f-c4f84a8cb398",
        "dc0ce245-cc21-47be-9d46-e4a22223b3a6",
        "97b2f7a4-3a97-4879-9828-d2d7d26a2f37",
        "5eb734d0-80cf-4a66-802a-62d1434d31de",
        "0ba61bc3-0add-439c-b101-56e2af1dce50",
        "1575a930-0843-41fd-8c88-13869c9cf5d7",
        "eed736b4-94c9-4b00-a47a-43d2c55ad9f3"
      ],
      "failures": [],
      "pending": [],
      "skipped": [],
      "duration": 20517,
      "root": true,
      "rootEmpty": false,
      "_timeout": 2000
    }
  ],
  "meta": {
    "mocha": {
      "version": "7.2.0"
    },
    "mochawesome": {
      "options": {
        "quiet": false,
        "reportFilename": "mochawesome",
        "saveHtml": true,
        "saveJson": true,
        "consoleReporter": "spec",
        "useInlineDiffs": false,
        "code": true
      },
      "version": "7.1.3"
    },
    "marge": {
      "options": {
        "reportDir": "mochawesome-report",
        "overwrite": false,
        "html": true,
        "json": true
      },
      "version": "6.2.0"
    }
  }
}