{
  "stats": {
    "suites": 0,
    "tests": 9,
    "passes": 9,
    "pending": 0,
    "failures": 0,
    "start": "2025-09-07T19:16:46.038Z",
    "end": "2025-09-07T19:17:06.774Z",
    "duration": 20736,
    "testsRegistered": 9,
    "passPercent": 100,
    "pendingPercent": 0,
    "other": 0,
    "hasOther": false,
    "skipped": 0,
    "hasSkipped": false
  },
  "results": [
    {
      "uuid": "aa02808b-5a0b-45e6-af80-393eaf429ced",
      "title": "",
      "fullFile": "test\\firstTest.cy.js",
      "file": "test\\firstTest.cy.js",
      "beforeHooks": [],
      "afterHooks": [],
      "tests": [
        {
          "title": "Hello world 1",
          "fullTitle": "Hello world 1",
          "timedOut": null,
          "duration": 3528,
          "state": "passed",
          "speed": "fast",
          "pass": true,
          "fail": false,
          "pending": false,
          "context": null,
          "code": "//by Tag\ncy.get('input');\n//by ID value\ncy.get('#inputEmail1');\n// by Class value\ncy.get('.input-full-width');\n// by attribute\ncy.get('[fullwidth]');\n// by attribute with value\ncy.get('[placeholder=\"Email\"]');\n// by entire class value\ncy.get('[class=\"input-full-width size-medium status-basic shape-rectangle nb-transition\"]');\n//how to combine several attributes\ncy.get('[placeholder=\"Email\"][fullwidth]');\ncy.get('input[placeholder=\"Email\"]');\n//find by data-cy attribute\ncy.get('[data-cy=\"inputEmail1\"]');",
          "err": {},
          "uuid": "608744d8-994d-49f1-84c5-43c88ddc1522",
          "parentUUID": "aa02808b-5a0b-45e6-af80-393eaf429ced",
          "isHook": false,
          "skipped": false
        },
        {
          "title": "Cypress Locator Methods",
          "fullTitle": "Cypress Locator Methods",
          "timedOut": null,
          "duration": 832,
          "state": "passed",
          "speed": "fast",
          "pass": true,
          "fail": false,
          "pending": false,
          "context": null,
          "code": "//Theory\n//get() - to find elments on the page globally\n//find() - to find only child elements\n//contains() - to find web elements by text\ncy.contains('Sign in');\ncy.contains('[status=\"warning\"]', 'Sign in');\ncy.contains('nb-card', 'Horizontal form').find('button');\ncy.contains('nb-card', 'Horizontal form').contains('Sign in');\ncy.contains('nb-card', 'Horizontal form').get('button');",
          "err": {},
          "uuid": "96e58582-7e0a-4b47-92c3-d4395b89059c",
          "parentUUID": "aa02808b-5a0b-45e6-af80-393eaf429ced",
          "isHook": false,
          "skipped": false
        },
        {
          "title": "Child Elements",
          "fullTitle": "Child Elements",
          "timedOut": null,
          "duration": 773,
          "state": "passed",
          "speed": "fast",
          "pass": true,
          "fail": false,
          "pending": false,
          "context": null,
          "code": "cy.contains('nb-card', 'Using the Grid').find('.row').find('button');\ncy.get('nb-card').find('nb-radio-group').contains('Option 1');\ncy.get('nb-card nb-radio-group').contains('Option 1');\ncy.get('nb-card > nb-card-body [placeholder=\"Jane Doe\"]');",
          "err": {},
          "uuid": "f9846c63-5e03-46a6-863e-881abd8b8663",
          "parentUUID": "aa02808b-5a0b-45e6-af80-393eaf429ced",
          "isHook": false,
          "skipped": false
        },
        {
          "title": "Parent Elements",
          "fullTitle": "Parent Elements",
          "timedOut": null,
          "duration": 761,
          "state": "passed",
          "speed": "fast",
          "pass": true,
          "fail": false,
          "pending": false,
          "context": null,
          "code": "cy.get('#inputEmail1').parents('form').find('button');\ncy.contains('Using the Grid').parent().find('button');\ncy.get('#inputEmail1').parentsUntil('nb-card-body').find('button');",
          "err": {},
          "uuid": "758bfe83-e988-4298-a9f2-93ecd05f9bbf",
          "parentUUID": "aa02808b-5a0b-45e6-af80-393eaf429ced",
          "isHook": false,
          "skipped": false
        },
        {
          "title": "Cypress Chains",
          "fullTitle": "Cypress Chains",
          "timedOut": null,
          "duration": 818,
          "state": "passed",
          "speed": "fast",
          "pass": true,
          "fail": false,
          "pending": false,
          "context": null,
          "code": "cy.get('#inputEmail1').parents('form').find('button').click();\ncy.get('#inputEmail1').parents('form').find('nb-radio').first().should('have.text', 'Option 1');",
          "err": {},
          "uuid": "f4927882-662c-41f4-b038-59f461cd7547",
          "parentUUID": "aa02808b-5a0b-45e6-af80-393eaf429ced",
          "isHook": false,
          "skipped": false
        },
        {
          "title": "Reusing Locators",
          "fullTitle": "Reusing Locators",
          "timedOut": null,
          "duration": 849,
          "state": "passed",
          "speed": "fast",
          "pass": true,
          "fail": false,
          "pending": false,
          "context": null,
          "code": "//THIS WILL NOT WORK!!! DON\"T DO LIKE THIS!!!\n//const inputEmail1 = cy.get('#inputEmail1')\n//inputEmail1.parents('form').find('button')\n//inputEmail1.parents('form').find('nb-radio')\n// 1. Cypress Alias\ncy.get('#inputEmail1').as('inputEmail1');\ncy.get('@inputEmail1').parents('form').find('button');\ncy.get('@inputEmail1').parents('form').find('nb-radio');\n// 2. Cypress then() method\ncy.get('#inputEmail1').then(inputEmail => {\n  cy.wrap(inputEmail).parents('form').find('button');\n  cy.wrap(inputEmail).parents('form').find('nb-radio');\n  cy.wrap('Hello').should('equal', 'Hello');\n  cy.wrap(inputEmail).as('inputEmail2');\n});\ncy.get('@inputEmail2').click();",
          "err": {},
          "uuid": "b4802ec3-77c2-46d9-9183-515a87226a18",
          "parentUUID": "aa02808b-5a0b-45e6-af80-393eaf429ced",
          "isHook": false,
          "skipped": false
        },
        {
          "title": "Extracting Values",
          "fullTitle": "Extracting Values",
          "timedOut": null,
          "duration": 1066,
          "state": "passed",
          "speed": "fast",
          "pass": true,
          "fail": false,
          "pending": false,
          "context": null,
          "code": "// 1. using a JQuery method\ncy.get('[for=\"exampleInputEmail1\"]').then(label => {\n  const emailLabel = label.text();\n  console.log(emailLabel);\n});\n// 2. Using invoke command\ncy.get('[for=\"exampleInputEmail1\"]').invoke('text').then(emailLabel => {\n  console.log(emailLabel);\n});\ncy.get('[for=\"exampleInputEmail1\"]').invoke('text').as('emailLabel');\ncy.get('[for=\"exampleInputEmail1\"]').should('contain', 'Email address');\n// 3. Invoke attribute value\ncy.get('#exampleInputEmail1').invoke('attr', 'class').then(classValue => {\n  console.log(classValue);\n});\ncy.get('#exampleInputEmail1').should('have.attr', 'class', 'input-full-width size-medium status-basic shape-rectangle nb-transition');\n// 4. Invoke input field value\ncy.get('#exampleInputEmail1').type('hello@test.com');\ncy.get('#exampleInputEmail1').invoke('prop', 'value').then(value => {\n  console.log(value);\n});",
          "err": {},
          "uuid": "34fd8d6a-f6d3-493f-b365-ed3407ff0abf",
          "parentUUID": "aa02808b-5a0b-45e6-af80-393eaf429ced",
          "isHook": false,
          "skipped": false
        },
        {
          "title": "Assertions",
          "fullTitle": "Assertions",
          "timedOut": null,
          "duration": 722,
          "state": "passed",
          "speed": "fast",
          "pass": true,
          "fail": false,
          "pending": false,
          "context": null,
          "code": "cy.get('[for=\"exampleInputEmail1\"]').should('have.text', 'Email address');\ncy.get('[for=\"exampleInputEmail1\"]').then(label => {\n  expect(label).to.have.text('Email address');\n});\ncy.get('[for=\"exampleInputEmail1\"]').invoke('text').then(emailLabel => {\n  expect(emailLabel).to.equal('Email address');\n  cy.wrap(emailLabel).should('equal', 'Email address');\n});",
          "err": {},
          "uuid": "e03a8bf2-f796-47b7-8725-68cb25b093e6",
          "parentUUID": "aa02808b-5a0b-45e6-af80-393eaf429ced",
          "isHook": false,
          "skipped": false
        },
        {
          "title": "Timeouts",
          "fullTitle": "Timeouts",
          "timedOut": null,
          "duration": 11197,
          "state": "passed",
          "speed": "slow",
          "pass": true,
          "fail": false,
          "pending": false,
          "context": null,
          "code": "cy.contains('Modal & Overlays').click();\ncy.contains('Dialog').click();\ncy.contains('Open with delay 10 seconds').click();\ncy.get('nb-dialog-container nb-card-header', {\n  timeout: 11000\n}).should('have.text', 'Friendly reminder');",
          "err": {},
          "uuid": "95378cfc-db30-49b6-89af-1130cd2a7c58",
          "parentUUID": "aa02808b-5a0b-45e6-af80-393eaf429ced",
          "isHook": false,
          "skipped": false
        }
      ],
      "suites": [],
      "passes": [
        "608744d8-994d-49f1-84c5-43c88ddc1522",
        "96e58582-7e0a-4b47-92c3-d4395b89059c",
        "f9846c63-5e03-46a6-863e-881abd8b8663",
        "758bfe83-e988-4298-a9f2-93ecd05f9bbf",
        "f4927882-662c-41f4-b038-59f461cd7547",
        "b4802ec3-77c2-46d9-9183-515a87226a18",
        "34fd8d6a-f6d3-493f-b365-ed3407ff0abf",
        "e03a8bf2-f796-47b7-8725-68cb25b093e6",
        "95378cfc-db30-49b6-89af-1130cd2a7c58"
      ],
      "failures": [],
      "pending": [],
      "skipped": [],
      "duration": 20546,
      "root": true,
      "rootEmpty": false,
      "_timeout": 2000
    }
  ],
  "meta": {
    "mocha": {
      "version": "7.2.0"
    },
    "mochawesome": {
      "options": {
        "quiet": false,
        "reportFilename": "mochawesome",
        "saveHtml": true,
        "saveJson": true,
        "consoleReporter": "spec",
        "useInlineDiffs": false,
        "code": true
      },
      "version": "7.1.3"
    },
    "marge": {
      "options": {
        "reportDir": "mochawesome-report",
        "overwrite": false,
        "html": true,
        "json": true
      },
      "version": "6.2.0"
    }
  }
}